[2022-01-13 21:32:15.162] [jointLog] [info] setting maxHashResizeThreads to 12
[2022-01-13 21:32:15.162] [jointLog] [info] Fragment incompatibility prior below threshold.  Incompatible fragments will be ignored.
[2022-01-13 21:32:15.162] [jointLog] [info] Usage of --validateMappings implies use of minScoreFraction. Since not explicitly specified, it is being set to 0.65
[2022-01-13 21:32:15.162] [jointLog] [info] Setting consensusSlack to selective-alignment default of 0.35.
[2022-01-13 21:32:15.162] [jointLog] [info] parsing read library format
[2022-01-13 21:32:15.162] [jointLog] [info] There is 1 library.
[2022-01-13 21:32:15.162] [jointLog] [info] Loading pufferfish index
[2022-01-13 21:32:15.162] [jointLog] [info] Loading dense pufferfish index.
[2022-01-13 21:32:15.907] [jointLog] [info] done
[2022-01-13 21:32:15.948] [jointLog] [info] Index contained 175,775 targets
[2022-01-13 21:32:16.241] [jointLog] [info] Number of decoys : 0
[2022-01-13 21:32:16.459] [jointLog] [info] Automatically detected most likely library type as SR

[2022-01-13 21:32:16.686] [jointLog] [info] Thread saw mini-batch with a maximum of 1.16% zero probability fragments
[2022-01-13 21:32:16.727] [jointLog] [info] Thread saw mini-batch with a maximum of 0.92% zero probability fragments
[2022-01-13 21:32:16.743] [jointLog] [info] Thread saw mini-batch with a maximum of 3.24% zero probability fragments
[2022-01-13 21:32:16.798] [jointLog] [info] Thread saw mini-batch with a maximum of 2.98% zero probability fragments
[2022-01-13 21:32:16.947] [jointLog] [info] Thread saw mini-batch with a maximum of 1.44% zero probability fragments
[2022-01-13 21:32:16.964] [jointLog] [info] Thread saw mini-batch with a maximum of 0.98% zero probability fragments
[2022-01-13 21:32:16.973] [jointLog] [info] Thread saw mini-batch with a maximum of 1.28% zero probability fragments
[2022-01-13 21:32:16.982] [jointLog] [info] Thread saw mini-batch with a maximum of 1.28% zero probability fragments
[2022-01-13 21:32:16.992] [jointLog] [info] Thread saw mini-batch with a maximum of 1.20% zero probability fragments
[2022-01-13 21:32:17.001] [jointLog] [info] Thread saw mini-batch with a maximum of 1.14% zero probability fragments
[2022-01-13 21:32:17.010] [jointLog] [info] Thread saw mini-batch with a maximum of 0.98% zero probability fragments
[2022-01-13 21:32:17.020] [jointLog] [info] Thread saw mini-batch with a maximum of 1.20% zero probability fragments
[2022-01-13 21:32:17.043] [jointLog] [info] Computed 8,786 rich equivalence classes for further processing
[2022-01-13 21:32:17.043] [jointLog] [info] Counted 163,040 total reads in the equivalence classes 
[2022-01-13 21:32:17.049] [jointLog] [info] Number of mappings discarded because of alignment score : 502,070
[2022-01-13 21:32:17.049] [jointLog] [info] Number of fragments entirely discarded because of alignment score : 5,058
[2022-01-13 21:32:17.049] [jointLog] [info] Number of fragments discarded because they are best-mapped to decoys : 0
[2022-01-13 21:32:17.049] [jointLog] [info] Number of fragments discarded because they have only dovetail (discordant) mappings to valid targets : 0
[2022-01-13 21:32:17.071] [jointLog] [warning] Only 163040 fragments were mapped, but the number of burn-in fragments was set to 5000000.
The effective lengths have been computed using the observed mappings.

[2022-01-13 21:32:17.071] [jointLog] [info] Mapping rate = 85.0194%

[2022-01-13 21:32:17.071] [jointLog] [info] finished quantifyLibrary()
[2022-01-13 21:32:17.071] [jointLog] [info] Starting optimizer
[2022-01-13 21:32:17.158] [jointLog] [info] Marked 0 weighted equivalence classes as degenerate
[2022-01-13 21:32:17.172] [jointLog] [info] iteration = 0 | max rel diff. = 90.7907
[2022-01-13 21:32:17.307] [jointLog] [info] iteration 11, adjusting effective lengths to account for biases
[2022-01-13 21:32:17.043] [fileLog] [info] 
At end of round 0
==================
Observed 191768 total fragments (191768 in most recent round)

[2022-01-13 21:32:17.398] [jointLog] [info] Computed expected counts (for bias correction)
[2022-01-13 21:32:17.399] [jointLog] [info] processed bias for 0.3% of the transcripts
[2022-01-13 21:32:17.432] [jointLog] [info] processed bias for 10.0% of the transcripts
[2022-01-13 21:32:17.464] [jointLog] [info] processed bias for 20.0% of the transcripts
[2022-01-13 21:32:17.498] [jointLog] [info] processed bias for 30.0% of the transcripts
[2022-01-13 21:32:17.533] [jointLog] [info] processed bias for 40.0% of the transcripts
[2022-01-13 21:32:17.565] [jointLog] [info] processed bias for 50.0% of the transcripts
[2022-01-13 21:32:17.586] [jointLog] [info] processed bias for 60.2% of the transcripts
[2022-01-13 21:32:17.611] [jointLog] [info] processed bias for 70.0% of the transcripts
[2022-01-13 21:32:17.642] [jointLog] [info] processed bias for 80.0% of the transcripts
[2022-01-13 21:32:17.669] [jointLog] [info] processed bias for 90.1% of the transcripts
[2022-01-13 21:32:17.700] [jointLog] [info] processed bias for 100.0% of the transcripts
[2022-01-13 21:32:18.927] [jointLog] [info] iteration = 100 | max rel diff. = 0.747258
[2022-01-13 21:32:20.290] [jointLog] [info] iteration = 200 | max rel diff. = 10.9098
[2022-01-13 21:32:21.657] [jointLog] [info] iteration = 300 | max rel diff. = 0.0111335
[2022-01-13 21:32:23.013] [jointLog] [info] iteration = 400 | max rel diff. = 0.0515554
[2022-01-13 21:32:23.487] [jointLog] [info] iteration = 436 | max rel diff. = 0.00369375
[2022-01-13 21:32:23.519] [jointLog] [info] Finished optimizer
[2022-01-13 21:32:23.519] [jointLog] [info] writing output 

