[2022-01-13 21:32:39.459] [jointLog] [info] setting maxHashResizeThreads to 12
[2022-01-13 21:32:39.459] [jointLog] [info] Fragment incompatibility prior below threshold.  Incompatible fragments will be ignored.
[2022-01-13 21:32:39.459] [jointLog] [info] Usage of --validateMappings implies use of minScoreFraction. Since not explicitly specified, it is being set to 0.65
[2022-01-13 21:32:39.459] [jointLog] [info] Setting consensusSlack to selective-alignment default of 0.35.
[2022-01-13 21:32:39.459] [jointLog] [info] parsing read library format
[2022-01-13 21:32:39.459] [jointLog] [info] There is 1 library.
[2022-01-13 21:32:39.459] [jointLog] [info] Loading pufferfish index
[2022-01-13 21:32:39.459] [jointLog] [info] Loading dense pufferfish index.
[2022-01-13 21:32:40.192] [jointLog] [info] done
[2022-01-13 21:32:40.230] [jointLog] [info] Index contained 175,775 targets
[2022-01-13 21:32:40.524] [jointLog] [info] Number of decoys : 0
[2022-01-13 21:32:40.740] [jointLog] [info] Automatically detected most likely library type as SR

[2022-01-13 21:32:41.340] [jointLog] [info] Thread saw mini-batch with a maximum of 4.00% zero probability fragments
[2022-01-13 21:32:41.352] [jointLog] [info] Thread saw mini-batch with a maximum of 0.86% zero probability fragments
[2022-01-13 21:32:41.354] [jointLog] [info] Thread saw mini-batch with a maximum of 0.64% zero probability fragments
[2022-01-13 21:32:41.406] [jointLog] [info] Thread saw mini-batch with a maximum of 1.76% zero probability fragments
[2022-01-13 21:32:41.458] [jointLog] [info] Thread saw mini-batch with a maximum of 0.90% zero probability fragments
[2022-01-13 21:32:41.483] [jointLog] [info] Thread saw mini-batch with a maximum of 1.80% zero probability fragments
[2022-01-13 21:32:41.493] [jointLog] [info] Thread saw mini-batch with a maximum of 4.62% zero probability fragments
[2022-01-13 21:32:41.525] [jointLog] [info] Thread saw mini-batch with a maximum of 0.88% zero probability fragments
[2022-01-13 21:32:41.528] [jointLog] [info] Thread saw mini-batch with a maximum of 1.14% zero probability fragments
[2022-01-13 21:32:41.540] [jointLog] [info] Thread saw mini-batch with a maximum of 0.72% zero probability fragments
[2022-01-13 21:32:41.590] [jointLog] [info] Thread saw mini-batch with a maximum of 1.00% zero probability fragments
[2022-01-13 21:32:41.607] [jointLog] [info] Thread saw mini-batch with a maximum of 2.04% zero probability fragments
[2022-01-13 21:32:41.635] [jointLog] [info] Computed 7,477 rich equivalence classes for further processing
[2022-01-13 21:32:41.635] [jointLog] [info] Counted 196,441 total reads in the equivalence classes 
[2022-01-13 21:32:41.641] [jointLog] [info] Number of mappings discarded because of alignment score : 632,484
[2022-01-13 21:32:41.641] [jointLog] [info] Number of fragments entirely discarded because of alignment score : 8,876
[2022-01-13 21:32:41.641] [jointLog] [info] Number of fragments discarded because they are best-mapped to decoys : 0
[2022-01-13 21:32:41.641] [jointLog] [info] Number of fragments discarded because they have only dovetail (discordant) mappings to valid targets : 0
[2022-01-13 21:32:41.635] [fileLog] [info] 
At end of round 0
==================
Observed 277504 total fragments (277504 in most recent round)

[2022-01-13 21:32:41.665] [jointLog] [warning] Only 196441 fragments were mapped, but the number of burn-in fragments was set to 5000000.
The effective lengths have been computed using the observed mappings.

[2022-01-13 21:32:41.665] [jointLog] [info] Mapping rate = 70.7885%

[2022-01-13 21:32:41.665] [jointLog] [info] finished quantifyLibrary()
[2022-01-13 21:32:41.665] [jointLog] [info] Starting optimizer
[2022-01-13 21:32:41.751] [jointLog] [info] Marked 0 weighted equivalence classes as degenerate
[2022-01-13 21:32:41.765] [jointLog] [info] iteration = 0 | max rel diff. = 108.879
[2022-01-13 21:32:41.899] [jointLog] [info] iteration 11, adjusting effective lengths to account for biases
[2022-01-13 21:32:41.979] [jointLog] [info] Computed expected counts (for bias correction)
[2022-01-13 21:32:41.979] [jointLog] [info] processed bias for 0.4% of the transcripts
[2022-01-13 21:32:42.006] [jointLog] [info] processed bias for 10.1% of the transcripts
[2022-01-13 21:32:42.032] [jointLog] [info] processed bias for 20.0% of the transcripts
[2022-01-13 21:32:42.054] [jointLog] [info] processed bias for 30.0% of the transcripts
[2022-01-13 21:32:42.080] [jointLog] [info] processed bias for 40.0% of the transcripts
[2022-01-13 21:32:42.107] [jointLog] [info] processed bias for 50.0% of the transcripts
[2022-01-13 21:32:42.135] [jointLog] [info] processed bias for 60.1% of the transcripts
[2022-01-13 21:32:42.160] [jointLog] [info] processed bias for 70.0% of the transcripts
[2022-01-13 21:32:42.174] [jointLog] [info] processed bias for 80.0% of the transcripts
[2022-01-13 21:32:42.191] [jointLog] [info] processed bias for 90.1% of the transcripts
[2022-01-13 21:32:42.218] [jointLog] [info] processed bias for 100.0% of the transcripts
[2022-01-13 21:32:42.219] [jointLog] [info] processed bias for 100.0% of the transcripts
[2022-01-13 21:32:43.427] [jointLog] [info] iteration = 100 | max rel diff. = 0.129863
[2022-01-13 21:32:44.767] [jointLog] [info] iteration = 200 | max rel diff. = 0.129663
[2022-01-13 21:32:46.108] [jointLog] [info] iteration = 300 | max rel diff. = 0.0523559
[2022-01-13 21:32:46.376] [jointLog] [info] iteration = 321 | max rel diff. = 0.00342742
[2022-01-13 21:32:46.408] [jointLog] [info] Finished optimizer
[2022-01-13 21:32:46.408] [jointLog] [info] writing output 

