                                 Started job on |	Jan 14 01:09:48
                             Started mapping on |	Jan 14 01:09:49
                                    Finished on |	Jan 14 01:10:07
       Mapping speed, Million of reads per hour |	61.18

                          Number of input reads |	305900
                      Average input read length |	100
                                    UNIQUE READS:
                   Uniquely mapped reads number |	277042
                        Uniquely mapped reads % |	90.57%
                          Average mapped length |	99.30
                       Number of splices: Total |	65888
            Number of splices: Annotated (sjdb) |	64901
                       Number of splices: GT/AG |	64886
                       Number of splices: GC/AG |	963
                       Number of splices: AT/AC |	2
               Number of splices: Non-canonical |	37
                      Mismatch rate per base, % |	1.87%
                         Deletion rate per base |	0.01%
                        Deletion average length |	1.31
                        Insertion rate per base |	0.01%
                       Insertion average length |	1.16
                             MULTI-MAPPING READS:
        Number of reads mapped to multiple loci |	5049
             % of reads mapped to multiple loci |	1.65%
        Number of reads mapped to too many loci |	707
             % of reads mapped to too many loci |	0.23%
                                  UNMAPPED READS:
  Number of reads unmapped: too many mismatches |	0
       % of reads unmapped: too many mismatches |	0.00%
            Number of reads unmapped: too short |	22700
                 % of reads unmapped: too short |	7.42%
                Number of reads unmapped: other |	402
                     % of reads unmapped: other |	0.13%
                                  CHIMERIC READS:
                       Number of chimeric reads |	0
                            % of chimeric reads |	0.00%
