[2022-01-13 21:32:31.688] [jointLog] [info] setting maxHashResizeThreads to 12
[2022-01-13 21:32:31.688] [jointLog] [info] Fragment incompatibility prior below threshold.  Incompatible fragments will be ignored.
[2022-01-13 21:32:31.688] [jointLog] [info] Usage of --validateMappings implies use of minScoreFraction. Since not explicitly specified, it is being set to 0.65
[2022-01-13 21:32:31.688] [jointLog] [info] Setting consensusSlack to selective-alignment default of 0.35.
[2022-01-13 21:32:31.688] [jointLog] [info] parsing read library format
[2022-01-13 21:32:31.688] [jointLog] [info] There is 1 library.
[2022-01-13 21:32:31.688] [jointLog] [info] Loading pufferfish index
[2022-01-13 21:32:31.688] [jointLog] [info] Loading dense pufferfish index.
[2022-01-13 21:32:32.417] [jointLog] [info] done
[2022-01-13 21:32:32.458] [jointLog] [info] Index contained 175,775 targets
[2022-01-13 21:32:32.755] [jointLog] [info] Number of decoys : 0
[2022-01-13 21:32:32.933] [jointLog] [info] Automatically detected most likely library type as SR

[2022-01-13 21:32:33.638] [jointLog] [info] Thread saw mini-batch with a maximum of 0.76% zero probability fragments
[2022-01-13 21:32:33.664] [jointLog] [info] Thread saw mini-batch with a maximum of 1.20% zero probability fragments
[2022-01-13 21:32:33.674] [jointLog] [info] Thread saw mini-batch with a maximum of 3.98% zero probability fragments
[2022-01-13 21:32:33.767] [jointLog] [info] Thread saw mini-batch with a maximum of 5.58% zero probability fragments
[2022-01-13 21:32:33.814] [jointLog] [info] Thread saw mini-batch with a maximum of 0.52% zero probability fragments
[2022-01-13 21:32:33.824] [jointLog] [info] Thread saw mini-batch with a maximum of 1.24% zero probability fragments
[2022-01-13 21:32:33.825] [jointLog] [info] Thread saw mini-batch with a maximum of 2.64% zero probability fragments
[2022-01-13 21:32:33.846] [jointLog] [info] Thread saw mini-batch with a maximum of 0.54% zero probability fragments
[2022-01-13 21:32:33.847] [jointLog] [info] Thread saw mini-batch with a maximum of 1.04% zero probability fragments
[2022-01-13 21:32:33.856] [jointLog] [info] Thread saw mini-batch with a maximum of 0.82% zero probability fragments
[2022-01-13 21:32:33.902] [jointLog] [info] Thread saw mini-batch with a maximum of 2.28% zero probability fragments
[2022-01-13 21:32:33.925] [jointLog] [info] Thread saw mini-batch with a maximum of 1.16% zero probability fragments
[2022-01-13 21:32:33.950] [jointLog] [info] Computed 7,381 rich equivalence classes for further processing
[2022-01-13 21:32:33.950] [jointLog] [info] Counted 215,076 total reads in the equivalence classes 
[2022-01-13 21:32:33.955] [jointLog] [info] Number of mappings discarded because of alignment score : 716,141
[2022-01-13 21:32:33.955] [jointLog] [info] Number of fragments entirely discarded because of alignment score : 9,646
[2022-01-13 21:32:33.955] [jointLog] [info] Number of fragments discarded because they are best-mapped to decoys : 0
[2022-01-13 21:32:33.955] [jointLog] [info] Number of fragments discarded because they have only dovetail (discordant) mappings to valid targets : 0
[2022-01-13 21:32:33.979] [jointLog] [warning] Only 215076 fragments were mapped, but the number of burn-in fragments was set to 5000000.
The effective lengths have been computed using the observed mappings.

[2022-01-13 21:32:33.979] [jointLog] [info] Mapping rate = 70.3093%

[2022-01-13 21:32:33.979] [jointLog] [info] finished quantifyLibrary()
[2022-01-13 21:32:33.979] [jointLog] [info] Starting optimizer
[2022-01-13 21:32:34.066] [jointLog] [info] Marked 0 weighted equivalence classes as degenerate
[2022-01-13 21:32:34.080] [jointLog] [info] iteration = 0 | max rel diff. = 120.176
[2022-01-13 21:32:34.213] [jointLog] [info] iteration 11, adjusting effective lengths to account for biases
[2022-01-13 21:32:34.291] [jointLog] [info] Computed expected counts (for bias correction)
[2022-01-13 21:32:34.291] [jointLog] [info] processed bias for 0.4% of the transcripts
[2022-01-13 21:32:34.316] [jointLog] [info] processed bias for 10.0% of the transcripts
[2022-01-13 21:32:34.342] [jointLog] [info] processed bias for 20.1% of the transcripts
[2022-01-13 21:32:34.364] [jointLog] [info] processed bias for 30.1% of the transcripts
[2022-01-13 21:32:33.950] [fileLog] [info] 
At end of round 0
==================
Observed 305900 total fragments (305900 in most recent round)

[2022-01-13 21:32:34.382] [jointLog] [info] processed bias for 40.0% of the transcripts
[2022-01-13 21:32:34.400] [jointLog] [info] processed bias for 50.1% of the transcripts
[2022-01-13 21:32:34.422] [jointLog] [info] processed bias for 60.1% of the transcripts
[2022-01-13 21:32:34.441] [jointLog] [info] processed bias for 70.1% of the transcripts
[2022-01-13 21:32:34.468] [jointLog] [info] processed bias for 80.1% of the transcripts
[2022-01-13 21:32:34.490] [jointLog] [info] processed bias for 90.0% of the transcripts
[2022-01-13 21:32:34.521] [jointLog] [info] processed bias for 100.0% of the transcripts
[2022-01-13 21:32:35.720] [jointLog] [info] iteration = 100 | max rel diff. = 0.137955
[2022-01-13 21:32:37.056] [jointLog] [info] iteration = 200 | max rel diff. = 0.096879
[2022-01-13 21:32:38.349] [jointLog] [info] iteration = 298 | max rel diff. = 0.00927035
[2022-01-13 21:32:38.379] [jointLog] [info] Finished optimizer
[2022-01-13 21:32:38.379] [jointLog] [info] writing output 

